19:36:52.009 [main]  INFO  com.intuit.karate - Karate version: 1.4.0-SNAPSHOT
19:36:52.570 [main]  INFO  c.intuit.karate.core.FeatureRuntime - found scenario at line: 3
19:36:55.583 [main]  DEBUG com.intuit.karate - request:
1 > GET http://reqres.in/api/users?page=2
1 > Host: reqres.in
1 > Connection: Keep-Alive
1 > User-Agent: Apache-HttpClient/4.5.14 (Java/17.0.6)
1 > Accept-Encoding: gzip,deflate


19:36:55.800 [main]  DEBUG com.intuit.karate - request:
2 > GET http://reqres.in/api/users?page=2
2 > Host: reqres.in
2 > Connection: Keep-Alive
2 > User-Agent: Apache-HttpClient/4.5.14 (Java/17.0.6)
2 > Accept-Encoding: gzip,deflate


19:36:56.334 [main]  DEBUG com.intuit.karate - response time in milliseconds: 522
2 < 200
2 < Date: Tue, 23 May 2023 17:36:59 GMT
2 < Content-Type: application/json; charset=utf-8
2 < Transfer-Encoding: chunked
2 < Connection: keep-alive
2 < X-Powered-By: Express
2 < Access-Control-Allow-Origin: *
2 < Etag: W/"406-ut0vzoCuidvyMf8arZpMpJ6ZRDw"
2 < Via: 1.1 vegur
2 < Cache-Control: max-age=14400
2 < CF-Cache-Status: HIT
2 < Age: 3494
2 < Report-To: {"endpoints":[{"url":"https:\/\/a.nel.cloudflare.com\/report\/v3?s=M3NhiLWvO4CqXzg9U3drCUmy9YvCguiq4EK0nyfaFN6ILiBRaFt90S6cKuRcJNNhKyrANfVpjJO%2BR0t6gO17Qg24xZZefZ5pFwG3JY%2BjZnVo1VtdVVgVr96gIg%3D%3D"}],"group":"cf-nel","max_age":604800}
2 < NEL: {"success_fraction":0,"report_to":"cf-nel","max_age":604800}
2 < Vary: Accept-Encoding
2 < Server: cloudflare
2 < CF-RAY: 7cbf1076fd2abff0-WAW
{"page":2,"per_page":6,"total":12,"total_pages":2,"data":[{"id":7,"email":"michael.lawson@reqres.in","first_name":"Michael","last_name":"Lawson","avatar":"https://reqres.in/img/faces/7-image.jpg"},{"id":8,"email":"lindsay.ferguson@reqres.in","first_name":"Lindsay","last_name":"Ferguson","avatar":"https://reqres.in/img/faces/8-image.jpg"},{"id":9,"email":"tobias.funke@reqres.in","first_name":"Tobias","last_name":"Funke","avatar":"https://reqres.in/img/faces/9-image.jpg"},{"id":10,"email":"byron.fields@reqres.in","first_name":"Byron","last_name":"Fields","avatar":"https://reqres.in/img/faces/10-image.jpg"},{"id":11,"email":"george.edwards@reqres.in","first_name":"George","last_name":"Edwards","avatar":"https://reqres.in/img/faces/11-image.jpg"},{"id":12,"email":"rachel.howell@reqres.in","first_name":"Rachel","last_name":"Howell","avatar":"https://reqres.in/img/faces/12-image.jpg"}],"support":{"url":"https://reqres.in/#support-heading","text":"To keep ReqRes free, contributions towards server costs are appreciated!"}}

19:36:56.718 [main]  INFO  com.intuit.karate - [print] 200 
19:36:56.764 [main]  INFO  com.intuit.karate - [print] {
  "page": 2,
  "per_page": 6,
  "total": 12,
  "total_pages": 2,
  "data": [
    {
      "id": 7,
      "email": "michael.lawson@reqres.in",
      "first_name": "Michael",
      "last_name": "Lawson",
      "avatar": "https://reqres.in/img/faces/7-image.jpg"
    },
    {
      "id": 8,
      "email": "lindsay.ferguson@reqres.in",
      "first_name": "Lindsay",
      "last_name": "Ferguson",
      "avatar": "https://reqres.in/img/faces/8-image.jpg"
    },
    {
      "id": 9,
      "email": "tobias.funke@reqres.in",
      "first_name": "Tobias",
      "last_name": "Funke",
      "avatar": "https://reqres.in/img/faces/9-image.jpg"
    },
    {
      "id": 10,
      "email": "byron.fields@reqres.in",
      "first_name": "Byron",
      "last_name": "Fields",
      "avatar": "https://reqres.in/img/faces/10-image.jpg"
    },
    {
      "id": 11,
      "email": "george.edwards@reqres.in",
      "first_name": "George",
      "last_name": "Edwards",
      "avatar": "https://reqres.in/img/faces/11-image.jpg"
    },
    {
      "id": 12,
      "email": "rachel.howell@reqres.in",
      "first_name": "Rachel",
      "last_name": "Howell",
      "avatar": "https://reqres.in/img/faces/12-image.jpg"
    }
  ],
  "support": {
    "url": "https://reqres.in/#support-heading",
    "text": "To keep ReqRes free, contributions towards server costs are appreciated!"
  }
}
 
19:36:58.152 [main]  INFO  com.intuit.karate.Suite - <<pass>> feature 1 of 1 (0 remaining) api files + tests + server/tests/test.feature
19:37:08.407 [main]  INFO  com.intuit.karate - Karate version: 1.4.0-SNAPSHOT
19:37:08.956 [main]  INFO  com.intuit.karate.Suite - backed up existing 'target/karate-reports' dir to: target/karate-reports_1684863428951
19:37:09.033 [main]  INFO  c.intuit.karate.core.FeatureRuntime - found scenario at line: 3
19:37:11.245 [main]  DEBUG com.intuit.karate - request:
1 > GET http://reqres.in/api/users?page=2
1 > Host: reqres.in
1 > Connection: Keep-Alive
1 > User-Agent: Apache-HttpClient/4.5.14 (Java/17.0.6)
1 > Accept-Encoding: gzip,deflate


19:37:11.393 [main]  DEBUG com.intuit.karate - request:
2 > GET http://reqres.in/api/users?page=2
2 > Host: reqres.in
2 > Connection: Keep-Alive
2 > User-Agent: Apache-HttpClient/4.5.14 (Java/17.0.6)
2 > Accept-Encoding: gzip,deflate


19:37:11.885 [main]  DEBUG com.intuit.karate - response time in milliseconds: 472
2 < 200
2 < Date: Tue, 23 May 2023 17:37:15 GMT
2 < Content-Type: application/json; charset=utf-8
2 < Transfer-Encoding: chunked
2 < Connection: keep-alive
2 < X-Powered-By: Express
2 < Access-Control-Allow-Origin: *
2 < Etag: W/"406-ut0vzoCuidvyMf8arZpMpJ6ZRDw"
2 < Via: 1.1 vegur
2 < Cache-Control: max-age=14400
2 < CF-Cache-Status: HIT
2 < Age: 3510
2 < Report-To: {"endpoints":[{"url":"https:\/\/a.nel.cloudflare.com\/report\/v3?s=YA31VX29JIZSBHA2gmoErUnvMdMlA84o%2Bg0Qja9C4JP8vRmBSbJ8U%2BR%2FXuO%2FQ45Dl4r1U8eJ2XQ1%2FMFAGkZ4NDXdaohw6yYWHnB2336tSFm1lZJSAraSQHgh7w%3D%3D"}],"group":"cf-nel","max_age":604800}
2 < NEL: {"success_fraction":0,"report_to":"cf-nel","max_age":604800}
2 < Vary: Accept-Encoding
2 < Server: cloudflare
2 < CF-RAY: 7cbf10d80eb6c01c-WAW
{"page":2,"per_page":6,"total":12,"total_pages":2,"data":[{"id":7,"email":"michael.lawson@reqres.in","first_name":"Michael","last_name":"Lawson","avatar":"https://reqres.in/img/faces/7-image.jpg"},{"id":8,"email":"lindsay.ferguson@reqres.in","first_name":"Lindsay","last_name":"Ferguson","avatar":"https://reqres.in/img/faces/8-image.jpg"},{"id":9,"email":"tobias.funke@reqres.in","first_name":"Tobias","last_name":"Funke","avatar":"https://reqres.in/img/faces/9-image.jpg"},{"id":10,"email":"byron.fields@reqres.in","first_name":"Byron","last_name":"Fields","avatar":"https://reqres.in/img/faces/10-image.jpg"},{"id":11,"email":"george.edwards@reqres.in","first_name":"George","last_name":"Edwards","avatar":"https://reqres.in/img/faces/11-image.jpg"},{"id":12,"email":"rachel.howell@reqres.in","first_name":"Rachel","last_name":"Howell","avatar":"https://reqres.in/img/faces/12-image.jpg"}],"support":{"url":"https://reqres.in/#support-heading","text":"To keep ReqRes free, contributions towards server costs are appreciated!"}}

19:37:12.043 [main]  ERROR com.intuit.karate - api files + tests + server/tests/test.feature:6
Then status 201
status code was: 200, expected: 201, response time in milliseconds: 472, url: http://reqres.in/api/users?page=2, response: 
{"page":2,"per_page":6,"total":12,"total_pages":2,"data":[{"id":7,"email":"michael.lawson@reqres.in","first_name":"Michael","last_name":"Lawson","avatar":"https://reqres.in/img/faces/7-image.jpg"},{"id":8,"email":"lindsay.ferguson@reqres.in","first_name":"Lindsay","last_name":"Ferguson","avatar":"https://reqres.in/img/faces/8-image.jpg"},{"id":9,"email":"tobias.funke@reqres.in","first_name":"Tobias","last_name":"Funke","avatar":"https://reqres.in/img/faces/9-image.jpg"},{"id":10,"email":"byron.fields@reqres.in","first_name":"Byron","last_name":"Fields","avatar":"https://reqres.in/img/faces/10-image.jpg"},{"id":11,"email":"george.edwards@reqres.in","first_name":"George","last_name":"Edwards","avatar":"https://reqres.in/img/faces/11-image.jpg"},{"id":12,"email":"rachel.howell@reqres.in","first_name":"Rachel","last_name":"Howell","avatar":"https://reqres.in/img/faces/12-image.jpg"}],"support":{"url":"https://reqres.in/#support-heading","text":"To keep ReqRes free, contributions towards server costs are appreciated!"}}
api files + tests + server/tests/test.feature:6
19:37:13.462 [main]  INFO  com.intuit.karate.Suite - <<fail>> feature 1 of 1 (0 remaining) api files + tests + server/tests/test.feature
19:39:37.404 [main]  INFO  com.intuit.karate - Karate version: 1.4.0-SNAPSHOT
19:39:38.143 [main]  INFO  com.intuit.karate.Suite - backed up existing 'target/karate-reports' dir to: target/karate-reports_1684863578127
19:39:38.229 [main]  INFO  c.intuit.karate.core.FeatureRuntime - found scenario at line: 10
19:39:40.442 [main]  DEBUG com.intuit.karate - request:
1 > POST http://localhost:5000/students/add
1 > Content-Type: application/json; charset=UTF-8
1 > Content-Length: 58
1 > Host: localhost:5000
1 > Connection: Keep-Alive
1 > User-Agent: Apache-HttpClient/4.5.14 (Java/17.0.6)
1 > Accept-Encoding: gzip,deflate
{"FirstName":"Giovani","LastName":"Picolini","class":"2b"}

19:39:40.553 [main]  DEBUG com.intuit.karate - response time in milliseconds: 100
1 < 500
1 < Server: Werkzeug/2.3.4 Python/3.10.7
1 < Date: Tue, 23 May 2023 17:39:40 GMT
1 < Content-Type: text/html; charset=utf-8
1 < Content-Length: 13883
1 < Connection: close
<!doctype html>
<html lang=en>
  <head>
    <title>TypeError: The view function for 'add_student' did not return a valid response. The function either returned None or ended without a return statement.
 // Werkzeug Debugger</title>
    <link rel="stylesheet" href="?__debugger__=yes&amp;cmd=resource&amp;f=style.css">
    <link rel="shortcut icon"
        href="?__debugger__=yes&amp;cmd=resource&amp;f=console.png">
    <script src="?__debugger__=yes&amp;cmd=resource&amp;f=debugger.js"></script>
    <script>
      var CONSOLE_MODE = false,
          EVALEX = true,
          EVALEX_TRUSTED = false,
          SECRET = "U8bJF8gx4EpyVZiVjE91";
    </script>
  </head>
  <body style="background-color: #fff">
    <div class="debugger">
<h1>TypeError</h1>
<div class="detail">
  <p class="errormsg">TypeError: The view function for &#39;add_student&#39; did not return a valid response. The function either returned None or ended without a return statement.
</p>
</div>
<h2 class="traceback">Traceback <em>(most recent call last)</em></h2>
<div class="traceback">
  <h3></h3>
  <ul><li><div class="frame" id="frame-140653190507408">
  <h4>File <cite class="filename">"/home/vboxuser/.local/lib/python3.10/site-packages/flask/app.py"</cite>,
      line <em class="line">2213</em>,
      in <code class="function">__call__</code></h4>
  <div class="source "><pre class="line before"><span class="ws">    </span>def __call__(self, environ: dict, start_response: t.Callable) -&gt; t.Any:</pre>
<pre class="line before"><span class="ws">        </span>&#34;&#34;&#34;The WSGI server calls the Flask application object as the</pre>
<pre class="line before"><span class="ws">        </span>WSGI application. This calls :meth:`wsgi_app`, which can be</pre>
<pre class="line before"><span class="ws">        </span>wrapped to apply middleware.</pre>
<pre class="line before"><span class="ws">        </span>&#34;&#34;&#34;</pre>
<pre class="line current"><span class="ws">        </span>return self.wsgi_app(environ, start_response)</pre></div>
</div>

<li><div class="frame" id="frame-140653190503824">
  <h4>File <cite class="filename">"/home/vboxuser/.local/lib/python3.10/site-packages/flask/app.py"</cite>,
      line <em class="line">2193</em>,
      in <code class="function">wsgi_app</code></h4>
  <div class="source "><pre class="line before"><span class="ws">            </span>try:</pre>
<pre class="line before"><span class="ws">                </span>ctx.push()</pre>
<pre class="line before"><span class="ws">                </span>response = self.full_dispatch_request()</pre>
<pre class="line before"><span class="ws">            </span>except Exception as e:</pre>
<pre class="line before"><span class="ws">                </span>error = e</pre>
<pre class="line current"><span class="ws">                </span>response = self.handle_exception(e)</pre>
<pre class="line after"><span class="ws">            </span>except:  # noqa: B001</pre>
<pre class="line after"><span class="ws">                </span>error = sys.exc_info()[1]</pre>
<pre class="line after"><span class="ws">                </span>raise</pre>
<pre class="line after"><span class="ws">            </span>return response(environ, start_response)</pre>
<pre class="line after"><span class="ws">        </span>finally:</pre></div>
</div>

<li><div class="frame" id="frame-140653190499568">
  <h4>File <cite class="filename">"/home/vboxuser/.local/lib/python3.10/site-packages/flask_cors/extension.py"</cite>,
      line <em class="line">165</em>,
      in <code class="function">wrapped_function</code></h4>
  <div class="source "><pre class="line before"><span class="ws">        </span># Wrap exception handlers with cross_origin</pre>
<pre class="line before"><span class="ws">        </span># These error handlers will still respect the behavior of the route</pre>
<pre class="line before"><span class="ws">        </span>if options.get(&#39;intercept_exceptions&#39;, True):</pre>
<pre class="line before"><span class="ws">            </span>def _after_request_decorator(f):</pre>
<pre class="line before"><span class="ws">                </span>def wrapped_function(*args, **kwargs):</pre>
<pre class="line current"><span class="ws">                    </span>return cors_after_request(app.make_response(f(*args, **kwargs)))</pre>
<pre class="line after"><span class="ws">                </span>return wrapped_function</pre>
<pre class="line after"><span class="ws"></span> </pre>
<pre class="line after"><span class="ws">            </span>if hasattr(app, &#39;handle_exception&#39;):</pre>
<pre class="line after"><span class="ws">                </span>app.handle_exception = _after_request_decorator(</pre>
<pre class="line after"><span class="ws">                    </span>app.handle_exception)</pre></div>
</div>

<li><div class="frame" id="frame-140653190499680">
  <h4>File <cite class="filename">"/home/vboxuser/.local/lib/python3.10/site-packages/flask/app.py"</cite>,
      line <em class="line">2190</em>,
      in <code class="function">wsgi_app</code></h4>
  <div class="source "><pre class="line before"><span class="ws">        </span>ctx = self.request_context(environ)</pre>
<pre class="line before"><span class="ws">        </span>error: BaseException | None = None</pre>
<pre class="line before"><span class="ws">        </span>try:</pre>
<pre class="line before"><span class="ws">            </span>try:</pre>
<pre class="line before"><span class="ws">                </span>ctx.push()</pre>
<pre class="line current"><span class="ws">                </span>response = self.full_dispatch_request()</pre>
<pre class="line after"><span class="ws">            </span>except Exception as e:</pre>
<pre class="line after"><span class="ws">                </span>error = e</pre>
<pre class="line after"><span class="ws">                </span>response = self.handle_exception(e)</pre>
<pre class="line after"><span class="ws">            </span>except:  # noqa: B001</pre>
<pre class="line after"><span class="ws">                </span>error = sys.exc_info()[1]</pre></div>
</div>

<li><div class="frame" id="frame-140653190506624">
  <h4>File <cite class="filename">"/home/vboxuser/.local/lib/python3.10/site-packages/flask/app.py"</cite>,
      line <em class="line">1487</em>,
      in <code class="function">full_dispatch_request</code></h4>
  <div class="source "><pre class="line before"><span class="ws">            </span>rv = self.preprocess_request()</pre>
<pre class="line before"><span class="ws">            </span>if rv is None:</pre>
<pre class="line before"><span class="ws">                </span>rv = self.dispatch_request()</pre>
<pre class="line before"><span class="ws">        </span>except Exception as e:</pre>
<pre class="line before"><span class="ws">            </span>rv = self.handle_user_exception(e)</pre>
<pre class="line current"><span class="ws">        </span>return self.finalize_request(rv)</pre>
<pre class="line after"><span class="ws"></span> </pre>
<pre class="line after"><span class="ws">    </span>def finalize_request(</pre>
<pre class="line after"><span class="ws">        </span>self,</pre>
<pre class="line after"><span class="ws">        </span>rv: ft.ResponseReturnValue | HTTPException,</pre>
<pre class="line after"><span class="ws">        </span>from_error_handler: bool = False,</pre></div>
</div>

<li><div class="frame" id="frame-140653190506736">
  <h4>File <cite class="filename">"/home/vboxuser/.local/lib/python3.10/site-packages/flask/app.py"</cite>,
      line <em class="line">1506</em>,
      in <code class="function">finalize_request</code></h4>
  <div class="source "><pre class="line before"><span class="ws">        </span>with the `from_error_handler` flag.  If enabled, failures in</pre>
<pre class="line before"><span class="ws">        </span>response processing will be logged and otherwise ignored.</pre>
<pre class="line before"><span class="ws"></span> </pre>
<pre class="line before"><span class="ws">        </span>:internal:</pre>
<pre class="line before"><span class="ws">        </span>&#34;&#34;&#34;</pre>
<pre class="line current"><span class="ws">        </span>response = self.make_response(rv)</pre>
<pre class="line after"><span class="ws">        </span>try:</pre>
<pre class="line after"><span class="ws">            </span>response = self.process_response(response)</pre>
<pre class="line after"><span class="ws">            </span>request_finished.send(</pre>
<pre class="line after"><span class="ws">                </span>self, _async_wrapper=self.ensure_sync, response=response</pre>
<pre class="line after"><span class="ws">            </span>)</pre></div>
</div>

<li><div class="frame" id="frame-140653190501024">
  <h4>File <cite class="filename">"/home/vboxuser/.local/lib/python3.10/site-packages/flask/app.py"</cite>,
      line <em class="line">1801</em>,
      in <code class="function">make_response</code></h4>
  <div class="source "><pre class="line before"><span class="ws">                    </span>&#34; (body, status), or (body, headers).&#34;</pre>
<pre class="line before"><span class="ws">                </span>)</pre>
<pre class="line before"><span class="ws"></span> </pre>
<pre class="line before"><span class="ws">        </span># the body must not be None</pre>
<pre class="line before"><span class="ws">        </span>if rv is None:</pre>
<pre class="line current"><span class="ws">            </span>raise TypeError(</pre>
<pre class="line after"><span class="ws">                </span>f&#34;The view function for {request.endpoint!r} did not&#34;</pre>
<pre class="line after"><span class="ws">                </span>&#34; return a valid response. The function either returned&#34;</pre>
<pre class="line after"><span class="ws">                </span>&#34; None or ended without a return statement.&#34;</pre>
<pre class="line after"><span class="ws">            </span>)</pre>
<pre class="line after"><span class="ws"></span> </pre></div>
</div>
</ul>
  <blockquote>TypeError: The view function for &#39;add_student&#39; did not return a valid response. The function either returned None or ended without a return statement.
</blockquote>
</div>

<div class="plain">
    <p>
      This is the Copy/Paste friendly version of the traceback.
    </p>
    <textarea cols="50" rows="10" name="code" readonly>Traceback (most recent call last):
  File &#34;/home/vboxuser/.local/lib/python3.10/site-packages/flask/app.py&#34;, line 2213, in __call__
    return self.wsgi_app(environ, start_response)
  File &#34;/home/vboxuser/.local/lib/python3.10/site-packages/flask/app.py&#34;, line 2193, in wsgi_app
    response = self.handle_exception(e)
  File &#34;/home/vboxuser/.local/lib/python3.10/site-packages/flask_cors/extension.py&#34;, line 165, in wrapped_function
    return cors_after_request(app.make_response(f(*args, **kwargs)))
  File &#34;/home/vboxuser/.local/lib/python3.10/site-packages/flask/app.py&#34;, line 2190, in wsgi_app
    response = self.full_dispatch_request()
  File &#34;/home/vboxuser/.local/lib/python3.10/site-packages/flask/app.py&#34;, line 1487, in full_dispatch_request
    return self.finalize_request(rv)
  File &#34;/home/vboxuser/.local/lib/python3.10/site-packages/flask/app.py&#34;, line 1506, in finalize_request
    response = self.make_response(rv)
  File &#34;/home/vboxuser/.local/lib/python3.10/site-packages/flask/app.py&#34;, line 1801, in make_response
    raise TypeError(
TypeError: The view function for &#39;add_student&#39; did not return a valid response. The function either returned None or ended without a return statement.
</textarea>
</div>
<div class="explanation">
  The debugger caught an exception in your WSGI application.  You can now
  look at the traceback which led to the error.  <span class="nojavascript">
  If you enable JavaScript you can also use additional features such as code
  execution (if the evalex feature is enabled), automatic pasting of the
  exceptions and much more.</span>
</div>
      <div class="footer">
        Brought to you by <strong class="arthur">DON'T PANIC</strong>, your
        friendly Werkzeug powered traceback interpreter.
      </div>
    </div>

    <div class="pin-prompt">
      <div class="inner">
        <h3>Console Locked</h3>
        <p>
          The console is locked and needs to be unlocked by entering the PIN.
          You can find the PIN printed out on the standard output of your
          shell that runs the server.
        <form>
          <p>PIN:
            <input type=text name=pin size=14>
            <input type=submit name=btn value="Confirm Pin">
        </form>
      </div>
    </div>
  </body>
</html>

<!--

Traceback (most recent call last):
  File "/home/vboxuser/.local/lib/python3.10/site-packages/flask/app.py", line 2213, in __call__
    return self.wsgi_app(environ, start_response)
  File "/home/vboxuser/.local/lib/python3.10/site-packages/flask/app.py", line 2193, in wsgi_app
    response = self.handle_exception(e)
  File "/home/vboxuser/.local/lib/python3.10/site-packages/flask_cors/extension.py", line 165, in wrapped_function
    return cors_after_request(app.make_response(f(*args, **kwargs)))
  File "/home/vboxuser/.local/lib/python3.10/site-packages/flask/app.py", line 2190, in wsgi_app
    response = self.full_dispatch_request()
  File "/home/vboxuser/.local/lib/python3.10/site-packages/flask/app.py", line 1487, in full_dispatch_request
    return self.finalize_request(rv)
  File "/home/vboxuser/.local/lib/python3.10/site-packages/flask/app.py", line 1506, in finalize_request
    response = self.make_response(rv)
  File "/home/vboxuser/.local/lib/python3.10/site-packages/flask/app.py", line 1801, in make_response
    raise TypeError(
TypeError: The view function for 'add_student' did not return a valid response. The function either returned None or ended without a return statement.


-->


19:39:40.600 [main]  ERROR com.intuit.karate - api files + tests + server/tests/test.feature:21
Then status 201
status code was: 500, expected: 201, response time in milliseconds: 100, url: http://localhost:5000/students/add, response: 
<!doctype html>
<html lang=en>
  <head>
    <title>TypeError: The view function for 'add_student' did not return a valid response. The function either returned None or ended without a return statement.
 // Werkzeug Debugger</title>
    <link rel="stylesheet" href="?__debugger__=yes&amp;cmd=resource&amp;f=style.css">
    <link rel="shortcut icon"
        href="?__debugger__=yes&amp;cmd=resource&amp;f=console.png">
    <script src="?__debugger__=yes&amp;cmd=resource&amp;f=debugger.js"></script>
    <script>
      var CONSOLE_MODE = false,
          EVALEX = true,
          EVALEX_TRUSTED = false,
          SECRET = "U8bJF8gx4EpyVZiVjE91";
    </script>
  </head>
  <body style="background-color: #fff">
    <div class="debugger">
<h1>TypeError</h1>
<div class="detail">
  <p class="errormsg">TypeError: The view function for &#39;add_student&#39; did not return a valid response. The function either returned None or ended without a return statement.
</p>
</div>
<h2 class="traceback">Traceback <em>(most recent call last)</em></h2>
<div class="traceback">
  <h3></h3>
  <ul><li><div class="frame" id="frame-140653190507408">
  <h4>File <cite class="filename">"/home/vboxuser/.local/lib/python3.10/site-packages/flask/app.py"</cite>,
      line <em class="line">2213</em>,
      in <code class="function">__call__</code></h4>
  <div class="source "><pre class="line before"><span class="ws">    </span>def __call__(self, environ: dict, start_response: t.Callable) -&gt; t.Any:</pre>
<pre class="line before"><span class="ws">        </span>&#34;&#34;&#34;The WSGI server calls the Flask application object as the</pre>
<pre class="line before"><span class="ws">        </span>WSGI application. This calls :meth:`wsgi_app`, which can be</pre>
<pre class="line before"><span class="ws">        </span>wrapped to apply middleware.</pre>
<pre class="line before"><span class="ws">        </span>&#34;&#34;&#34;</pre>
<pre class="line current"><span class="ws">        </span>return self.wsgi_app(environ, start_response)</pre></div>
</div>

<li><div class="frame" id="frame-140653190503824">
  <h4>File <cite class="filename">"/home/vboxuser/.local/lib/python3.10/site-packages/flask/app.py"</cite>,
      line <em class="line">2193</em>,
      in <code class="function">wsgi_app</code></h4>
  <div class="source "><pre class="line before"><span class="ws">            </span>try:</pre>
<pre class="line before"><span class="ws">                </span>ctx.push()</pre>
<pre class="line before"><span class="ws">                </span>response = self.full_dispatch_request()</pre>
<pre class="line before"><span class="ws">            </span>except Exception as e:</pre>
<pre class="line before"><span class="ws">                </span>error = e</pre>
<pre class="line current"><span class="ws">                </span>response = self.handle_exception(e)</pre>
<pre class="line after"><span class="ws">            </span>except:  # noqa: B001</pre>
<pre class="line after"><span class="ws">                </span>error = sys.exc_info()[1]</pre>
<pre class="line after"><span class="ws">                </span>raise</pre>
<pre class="line after"><span class="ws">            </span>return response(environ, start_response)</pre>
<pre class="line after"><span class="ws">        </span>finally:</pre></div>
</div>

<li><div class="frame" id="frame-140653190499568">
  <h4>File <cite class="filename">"/home/vboxuser/.local/lib/python3.10/site-packages/flask_cors/extension.py"</cite>,
      line <em class="line">165</em>,
      in <code class="function">wrapped_function</code></h4>
  <div class="source "><pre class="line before"><span class="ws">        </span># Wrap exception handlers with cross_origin</pre>
<pre class="line before"><span class="ws">        </span># These error handlers will still respect the behavior of the route</pre>
<pre class="line before"><span class="ws">        </span>if options.get(&#39;intercept_exceptions&#39;, True):</pre>
<pre class="line before"><span class="ws">            </span>def _after_request_decorator(f):</pre>
<pre class="line before"><span class="ws">                </span>def wrapped_function(*args, **kwargs):</pre>
<pre class="line current"><span class="ws">                    </span>return cors_after_request(app.make_response(f(*args, **kwargs)))</pre>
<pre class="line after"><span class="ws">                </span>return wrapped_function</pre>
<pre class="line after"><span class="ws"></span> </pre>
<pre class="line after"><span class="ws">            </span>if hasattr(app, &#39;handle_exception&#39;):</pre>
<pre class="line after"><span class="ws">                </span>app.handle_exception = _after_request_decorator(</pre>
<pre class="line after"><span class="ws">                    </span>app.handle_exception)</pre></div>
</div>

<li><div class="frame" id="frame-140653190499680">
  <h4>File <cite class="filename">"/home/vboxuser/.local/lib/python3.10/site-packages/flask/app.py"</cite>,
      line <em class="line">2190</em>,
      in <code class="function">wsgi_app</code></h4>
  <div class="source "><pre class="line before"><span class="ws">        </span>ctx = self.request_context(environ)</pre>
<pre class="line before"><span class="ws">        </span>error: BaseException | None = None</pre>
<pre class="line before"><span class="ws">        </span>try:</pre>
<pre class="line before"><span class="ws">            </span>try:</pre>
<pre class="line before"><span class="ws">                </span>ctx.push()</pre>
<pre class="line current"><span class="ws">                </span>response = self.full_dispatch_request()</pre>
<pre class="line after"><span class="ws">            </span>except Exception as e:</pre>
<pre class="line after"><span class="ws">                </span>error = e</pre>
<pre class="line after"><span class="ws">                </span>response = self.handle_exception(e)</pre>
<pre class="line after"><span class="ws">            </span>except:  # noqa: B001</pre>
<pre class="line after"><span class="ws">                </span>error = sys.exc_info()[1]</pre></div>
</div>

<li><div class="frame" id="frame-140653190506624">
  <h4>File <cite class="filename">"/home/vboxuser/.local/lib/python3.10/site-packages/flask/app.py"</cite>,
      line <em class="line">1487</em>,
      in <code class="function">full_dispatch_request</code></h4>
  <div class="source "><pre class="line before"><span class="ws">            </span>rv = self.preprocess_request()</pre>
<pre class="line before"><span class="ws">            </span>if rv is None:</pre>
<pre class="line before"><span class="ws">                </span>rv = self.dispatch_request()</pre>
<pre class="line before"><span class="ws">        </span>except Exception as e:</pre>
<pre class="line before"><span class="ws">            </span>rv = self.handle_user_exception(e)</pre>
<pre class="line current"><span class="ws">        </span>return self.finalize_request(rv)</pre>
<pre class="line after"><span class="ws"></span> </pre>
<pre class="line after"><span class="ws">    </span>def finalize_request(</pre>
<pre class="line after"><span class="ws">        </span>self,</pre>
<pre class="line after"><span class="ws">        </span>rv: ft.ResponseReturnValue | HTTPException,</pre>
<pre class="line after"><span class="ws">        </span>from_error_handler: bool = False,</pre></div>
</div>

<li><div class="frame" id="frame-140653190506736">
  <h4>File <cite class="filename">"/home/vboxuser/.local/lib/python3.10/site-packages/flask/app.py"</cite>,
      line <em class="line">1506</em>,
      in <code class="function">finalize_request</code></h4>
  <div class="source "><pre class="line before"><span class="ws">        </span>with the `from_error_handler` flag.  If enabled, failures in</pre>
<pre class="line before"><span class="ws">        </span>response processing will be logged and otherwise ignored.</pre>
<pre class="line before"><span class="ws"></span> </pre>
<pre class="line before"><span class="ws">        </span>:internal:</pre>
<pre class="line before"><span class="ws">        </span>&#34;&#34;&#34;</pre>
<pre class="line current"><span class="ws">        </span>response = self.make_response(rv)</pre>
<pre class="line after"><span class="ws">        </span>try:</pre>
<pre class="line after"><span class="ws">            </span>response = self.process_response(response)</pre>
<pre class="line after"><span class="ws">            </span>request_finished.send(</pre>
<pre class="line after"><span class="ws">                </span>self, _async_wrapper=self.ensure_sync, response=response</pre>
<pre class="line after"><span class="ws">            </span>)</pre></div>
</div>

<li><div class="frame" id="frame-140653190501024">
  <h4>File <cite class="filename">"/home/vboxuser/.local/lib/python3.10/site-packages/flask/app.py"</cite>,
      line <em class="line">1801</em>,
      in <code class="function">make_response</code></h4>
  <div class="source "><pre class="line before"><span class="ws">                    </span>&#34; (body, status), or (body, headers).&#34;</pre>
<pre class="line before"><span class="ws">                </span>)</pre>
<pre class="line before"><span class="ws"></span> </pre>
<pre class="line before"><span class="ws">        </span># the body must not be None</pre>
<pre class="line before"><span class="ws">        </span>if rv is None:</pre>
<pre class="line current"><span class="ws">            </span>raise TypeError(</pre>
<pre class="line after"><span class="ws">                </span>f&#34;The view function for {request.endpoint!r} did not&#34;</pre>
<pre class="line after"><span class="ws">                </span>&#34; return a valid response. The function either returned&#34;</pre>
<pre class="line after"><span class="ws">                </span>&#34; None or ended without a return statement.&#34;</pre>
<pre class="line after"><span class="ws">            </span>)</pre>
<pre class="line after"><span class="ws"></span> </pre></div>
</div>
</ul>
  <blockquote>TypeError: The view function for &#39;add_student&#39; did not return a valid response. The function either returned None or ended without a return statement.
</blockquote>
</div>

<div class="plain">
    <p>
      This is the Copy/Paste friendly version of the traceback.
    </p>
    <textarea cols="50" rows="10" name="code" readonly>Traceback (most recent call last):
  File &#34;/home/vboxuser/.local/lib/python3.10/site-packages/flask/app.py&#34;, line 2213, in __call__
    return self.wsgi_app(environ, start_response)
  File &#34;/home/vboxuser/.local/lib/python3.10/site-packages/flask/app.py&#34;, line 2193, in wsgi_app
    response = self.handle_exception(e)
  File &#34;/home/vboxuser/.local/lib/python3.10/site-packages/flask_cors/extension.py&#34;, line 165, in wrapped_function
    return cors_after_request(app.make_response(f(*args, **kwargs)))
  File &#34;/home/vboxuser/.local/lib/python3.10/site-packages/flask/app.py&#34;, line 2190, in wsgi_app
    response = self.full_dispatch_request()
  File &#34;/home/vboxuser/.local/lib/python3.10/site-packages/flask/app.py&#34;, line 1487, in full_dispatch_request
    return self.finalize_request(rv)
  File &#34;/home/vboxuser/.local/lib/python3.10/site-packages/flask/app.py&#34;, line 1506, in finalize_request
    response = self.make_response(rv)
  File &#34;/home/vboxuser/.local/lib/python3.10/site-packages/flask/app.py&#34;, line 1801, in make_response
    raise TypeError(
TypeError: The view function for &#39;add_student&#39; did not return a valid response. The function either returned None or ended without a return statement.
</textarea>
</div>
<div class="explanation">
  The debugger caught an exception in your WSGI application.  You can now
  look at the traceback which led to the error.  <span class="nojavascript">
  If you enable JavaScript you can also use additional features such as code
  execution (if the evalex feature is enabled), automatic pasting of the
  exceptions and much more.</span>
</div>
      <div class="footer">
        Brought to you by <strong class="arthur">DON'T PANIC</strong>, your
        friendly Werkzeug powered traceback interpreter.
      </div>
    </div>

    <div class="pin-prompt">
      <div class="inner">
        <h3>Console Locked</h3>
        <p>
          The console is locked and needs to be unlocked by entering the PIN.
          You can find the PIN printed out on the standard output of your
          shell that runs the server.
        <form>
          <p>PIN:
            <input type=text name=pin size=14>
            <input type=submit name=btn value="Confirm Pin">
        </form>
      </div>
    </div>
  </body>
</html>

<!--

Traceback (most recent call last):
  File "/home/vboxuser/.local/lib/python3.10/site-packages/flask/app.py", line 2213, in __call__
    return self.wsgi_app(environ, start_response)
  File "/home/vboxuser/.local/lib/python3.10/site-packages/flask/app.py", line 2193, in wsgi_app
    response = self.handle_exception(e)
  File "/home/vboxuser/.local/lib/python3.10/site-packages/flask_cors/extension.py", line 165, in wrapped_function
    return cors_after_request(app.make_response(f(*args, **kwargs)))
  File "/home/vboxuser/.local/lib/python3.10/site-packages/flask/app.py", line 2190, in wsgi_app
    response = self.full_dispatch_request()
  File "/home/vboxuser/.local/lib/python3.10/site-packages/flask/app.py", line 1487, in full_dispatch_request
    return self.finalize_request(rv)
  File "/home/vboxuser/.local/lib/python3.10/site-packages/flask/app.py", line 1506, in finalize_request
    response = self.make_response(rv)
  File "/home/vboxuser/.local/lib/python3.10/site-packages/flask/app.py", line 1801, in make_response
    raise TypeError(
TypeError: The view function for 'add_student' did not return a valid response. The function either returned None or ended without a return statement.


-->

api files + tests + server/tests/test.feature:21
19:39:42.697 [main]  INFO  com.intuit.karate.Suite - <<fail>> feature 1 of 1 (0 remaining) api files + tests + server/tests/test.feature
